<?xml version="1.0" encoding="UTF-8"?>
<!-- Generated by org.testng.reporters.JUnitReportReporter -->
<testsuite hostname="DESKTOP-CA9SH48" failures="0" tests="1" name="demo.demo.TC_02_SignUp_Duplicacy" time="8.660" errors="0" timestamp="2022-02-04T02:45:15 GMT-08:00" skipped="0">
  <testcase classname="demo.demo.TC_02_SignUp_Duplicacy" name="TestMethod" time="8.660"/>
  <system-out/>
</testsuite> <!-- demo.demo.TC_02_SignUp_Duplicacy -->
