<?xml version="1.0" encoding="UTF-8"?>
<!-- Generated by org.testng.reporters.JUnitReportReporter -->
<testsuite hostname="DESKTOP-CA9SH48" failures="0" tests="1" name="demo.demo.TC_22_RemoveFromCart" time="24.390" errors="0" timestamp="2022-02-04T05:53:14 GMT-08:00" skipped="0">
  <testcase classname="demo.demo.TC_22_RemoveFromCart" name="TestMethod" time="24.390"/>
  <system-out/>
</testsuite> <!-- demo.demo.TC_22_RemoveFromCart -->
