<?xml version="1.0" encoding="UTF-8"?>
<!-- Generated by org.testng.reporters.JUnitReportReporter -->
<testsuite hostname="DESKTOP-CA9SH48" failures="0" tests="1" name="demo.demo.TC_21_AddtoCart" time="16.099" errors="0" timestamp="2022-02-04T05:22:36 GMT-08:00" skipped="0">
  <testcase classname="demo.demo.TC_21_AddtoCart" name="TestMethod" time="16.099"/>
  <system-out/>
</testsuite> <!-- demo.demo.TC_21_AddtoCart -->
