<?xml version="1.0" encoding="UTF-8"?>
<!-- Generated by org.testng.reporters.JUnitReportReporter -->
<testsuite hostname="DESKTOP-CA9SH48" failures="0" tests="1" name="demo.demo.Loginsuccess" time="12.836" errors="0" timestamp="2022-02-04T03:04:17 GMT-08:00" skipped="0">
  <testcase classname="demo.demo.Loginsuccess" name="TestMethod" time="12.836"/>
  <system-out/>
</testsuite> <!-- demo.demo.Loginsuccess -->
