<?xml version="1.0" encoding="UTF-8"?>
<!-- Generated by org.testng.reporters.JUnitReportReporter -->
<testsuite hostname="DESKTOP-CA9SH48" failures="0" tests="1" name="demo.demo.AddProducttoCart" time="21.439" errors="0" timestamp="2022-02-04T03:24:26 GMT-08:00" skipped="0">
  <testcase classname="demo.demo.AddProducttoCart" name="TestMethod" time="21.439"/>
  <system-out/>
</testsuite> <!-- demo.demo.AddProducttoCart -->
